<?xml version='1.0' encoding='UTF-8'?>
<testsuite hostname="cursor" name="zio.scodec.stream.StreamDecoderSpec" tests="15" errors="0" failures="0" skipped="0" time="1.163" timestamp="2026-04-21T03:52:02">
          <properties>
[...]
</properties>
          <testcase classname="zio.scodec.stream.StreamDecoderSpec" name="StreamDecoder - many fails when an inner decoder fails (failOnErr = true)" time="0.249">
                      
                    </testcase><testcase classname="zio.scodec.stream.StreamDecoderSpec" name="StreamDecoder - many decodes across many small chunks (rechunk by 1 byte == 8 bits)" time="0.248">
                      
                    </testcase><testcase classname="zio.scodec.stream.StreamDecoderSpec" name="StreamDecoder - once decodes a single value and stops" time="0.254">
                      
                    </testcase><testcase classname="zio.scodec.stream.StreamDecoderSpec" name="StreamDecoder - many decodes all values until the input ends" time="0.247">
                      
                    </testcase><testcase classname="zio.scodec.stream.StreamDecoderSpec" name="StreamDecoder - ++ runs the right decoder on the leftover from the left" time="0.013">
                      
                    </testcase><testcase classname="zio.scodec.stream.StreamDecoderSpec" name="StreamDecoder - emits yields the supplied values" time="0.015">
                      
                    </testcase><testcase classname="zio.scodec.stream.StreamDecoderSpec" name="StreamDecoder - emit yields a single value without consuming any input" time="0.016">
                      
                    </testcase><testcase classname="zio.scodec.stream.StreamDecoderSpec" name="StreamDecoder - tryMany stops cleanly when an inner decoder fails" time="0.025">
                      
                    </testcase><testcase classname="zio.scodec.stream.StreamDecoderSpec" name="StreamDecoder - isolate reads exactly the requested number of bits" time="0.01">
                      
                    </testcase><testcase classname="zio.scodec.stream.StreamDecoderSpec" name="StreamDecoder - ignore drops the requested number of bits" time="0.012">
                      
                    </testcase><testcase classname="zio.scodec.stream.StreamDecoderSpec" name="StreamDecoder - flatMap can choose a continuation based on a decoded value" time="0.019">
                      
                    </testcase><testcase classname="zio.scodec.stream.StreamDecoderSpec" name="StreamDecoder - raiseError(Err) wraps in CodecError" time="0.01">
                      
                    </testcase><testcase classname="zio.scodec.stream.StreamDecoderSpec" name="StreamDecoder - toBytePipeline works on a Byte stream" time="0.007">
                      
                    </testcase><testcase classname="zio.scodec.stream.StreamDecoderSpec" name="StreamDecoder - strict round-trip via Decoder yields the same values plus leftover" time="0.012">
                      
                    </testcase><testcase classname="zio.scodec.stream.StreamDecoderSpec" name="StreamDecoder - raiseError fails the stream with the supplied throwable" time="0.026">
                      
                    </testcase>
          <system-out><![CDATA[]]></system-out>
          <system-err><![CDATA[]]></system-err>
        </testsuite>